<?xml version="1.0" encoding="UTF-8" ?>
<testsuite tests="3" failures="3" name="com.sg.classroster.services.ClassRosterServiceLayerImplTest" time="0.333" errors="0" skipped="0">
  <properties>
[...]
</properties>
  <testcase classname="com.sg.classroster.services.ClassRosterServiceLayerImplTest" name="com.sg.classroster.services.ClassRosterServiceLayerImplTest.testCreateValidStudent" time="0.29">
    <failure message="Error creating bean with name &apos;serviceLayer&apos; defined in class path resource [applicationContext.xml]: Instantiation of bean failed; nested exception is org.springframework.beans.BeanInstantiationException: Failed to instantiate [com.sg.classroster.service.ClassRosterServiceLayerImpl]: No default constructor found; nested exception is java.lang.NoSuchMethodException: com.sg.classroster.service.ClassRosterServiceLayerImpl.&lt;init&gt;()" type="org.springframework.beans.factory.BeanCreationException">org.springframework.beans.factory.BeanCreationException: Error creating bean with name &apos;serviceLayer&apos; defined in class path resource [applicationContext.xml]: Instantiation of bean failed; nested exception is org.springframework.beans.BeanInstantiationException: Failed to instantiate [com.sg.classroster.service.ClassRosterServiceLayerImpl]: No default constructor found; nested exception is java.lang.NoSuchMethodException: com.sg.classroster.service.ClassRosterServiceLayerImpl.&lt;init&gt;()
	at org.springframework.beans.factory.support.AbstractAutowireCapableBeanFactory.instantiateBean(AbstractAutowireCapableBeanFactory.java:1110)
	at org.springframework.beans.factory.support.AbstractAutowireCapableBeanFactory.createBeanInstance(AbstractAutowireCapableBeanFactory.java:1054)
	at org.springframework.beans.factory.support.AbstractAutowireCapableBeanFactory.doCreateBean(AbstractAutowireCapableBeanFactory.java:512)
	at org.springframework.beans.factory.support.AbstractAutowireCapableBeanFactory.createBean(AbstractAutowireCapableBeanFactory.java:482)
	at org.springframework.beans.factory.support.AbstractBeanFactory$1.getObject(AbstractBeanFactory.java:306)
	at org.springframework.beans.factory.support.DefaultSingletonBeanRegistry.getSingleton(DefaultSingletonBeanRegistry.java:230)
	at org.springframework.beans.factory.support.AbstractBeanFactory.doGetBean(AbstractBeanFactory.java:302)
	at org.springframework.beans.factory.support.AbstractBeanFactory.getBean(AbstractBeanFactory.java:197)
	at org.springframework.beans.factory.support.DefaultListableBeanFactory.preInstantiateSingletons(DefaultListableBeanFactory.java:754)
	at org.springframework.context.support.AbstractApplicationContext.finishBeanFactoryInitialization(AbstractApplicationContext.java:866)
	at org.springframework.context.support.AbstractApplicationContext.refresh(AbstractApplicationContext.java:542)
	at org.springframework.context.support.ClassPathXmlApplicationContext.&lt;init&gt;(ClassPathXmlApplicationContext.java:139)
	at org.springframework.context.support.ClassPathXmlApplicationContext.&lt;init&gt;(ClassPathXmlApplicationContext.java:83)
	at com.sg.classroster.services.ClassRosterServiceLayerImplTest.testCreateValidStudent(ClassRosterServiceLayerImplTest.java:60)
Caused by: org.springframework.beans.BeanInstantiationException: Failed to instantiate [com.sg.classroster.service.ClassRosterServiceLayerImpl]: No default constructor found; nested exception is java.lang.NoSuchMethodException: com.sg.classroster.service.ClassRosterServiceLayerImpl.&lt;init&gt;()
	at org.springframework.beans.factory.support.SimpleInstantiationStrategy.instantiate(SimpleInstantiationStrategy.java:85)
	at org.springframework.beans.factory.support.AbstractAutowireCapableBeanFactory.instantiateBean(AbstractAutowireCapableBeanFactory.java:1102)
	... 31 more
Caused by: java.lang.NoSuchMethodException: com.sg.classroster.service.ClassRosterServiceLayerImpl.&lt;init&gt;()
	at java.base/java.lang.Class.getConstructor0(Class.java:3427)
	at java.base/java.lang.Class.getDeclaredConstructor(Class.java:2631)
	at org.springframework.beans.factory.support.SimpleInstantiationStrategy.instantiate(SimpleInstantiationStrategy.java:80)
	... 32 more
</failure>
    <system-err>Oct 27, 2020 2:32:11 PM org.springframework.context.support.ClassPathXmlApplicationContext prepareRefresh
INFO: Refreshing org.springframework.context.support.ClassPathXmlApplicationContext@5f150435: startup date [Tue Oct 27 14:32:11 EDT 2020]; root of context hierarchy
Oct 27, 2020 2:32:11 PM org.springframework.beans.factory.xml.XmlBeanDefinitionReader loadBeanDefinitions
INFO: Loading XML bean definitions from class path resource [applicationContext.xml]
Oct 27, 2020 2:32:11 PM org.springframework.context.support.ClassPathXmlApplicationContext refresh
WARNING: Exception encountered during context initialization - cancelling refresh attempt: org.springframework.beans.factory.BeanCreationException: Error creating bean with name &apos;serviceLayer&apos; defined in class path resource [applicationContext.xml]: Instantiation of bean failed; nested exception is org.springframework.beans.BeanInstantiationException: Failed to instantiate [com.sg.classroster.service.ClassRosterServiceLayerImpl]: No default constructor found; nested exception is java.lang.NoSuchMethodException: com.sg.classroster.service.ClassRosterServiceLayerImpl.&lt;init&gt;()
</system-err>
  </testcase>
  <testcase classname="com.sg.classroster.services.ClassRosterServiceLayerImplTest" name="com.sg.classroster.services.ClassRosterServiceLayerImplTest.testGetStudent" time="0.023">
    <failure message="Error creating bean with name &apos;serviceLayer&apos; defined in class path resource [applicationContext.xml]: Instantiation of bean failed; nested exception is org.springframework.beans.BeanInstantiationException: Failed to instantiate [com.sg.classroster.service.ClassRosterServiceLayerImpl]: No default constructor found; nested exception is java.lang.NoSuchMethodException: com.sg.classroster.service.ClassRosterServiceLayerImpl.&lt;init&gt;()" type="org.springframework.beans.factory.BeanCreationException">org.springframework.beans.factory.BeanCreationException: Error creating bean with name &apos;serviceLayer&apos; defined in class path resource [applicationContext.xml]: Instantiation of bean failed; nested exception is org.springframework.beans.BeanInstantiationException: Failed to instantiate [com.sg.classroster.service.ClassRosterServiceLayerImpl]: No default constructor found; nested exception is java.lang.NoSuchMethodException: com.sg.classroster.service.ClassRosterServiceLayerImpl.&lt;init&gt;()
	at org.springframework.beans.factory.support.AbstractAutowireCapableBeanFactory.instantiateBean(AbstractAutowireCapableBeanFactory.java:1110)
	at org.springframework.beans.factory.support.AbstractAutowireCapableBeanFactory.createBeanInstance(AbstractAutowireCapableBeanFactory.java:1054)
	at org.springframework.beans.factory.support.AbstractAutowireCapableBeanFactory.doCreateBean(AbstractAutowireCapableBeanFactory.java:512)
	at org.springframework.beans.factory.support.AbstractAutowireCapableBeanFactory.createBean(AbstractAutowireCapableBeanFactory.java:482)
	at org.springframework.beans.factory.support.AbstractBeanFactory$1.getObject(AbstractBeanFactory.java:306)
	at org.springframework.beans.factory.support.DefaultSingletonBeanRegistry.getSingleton(DefaultSingletonBeanRegistry.java:230)
	at org.springframework.beans.factory.support.AbstractBeanFactory.doGetBean(AbstractBeanFactory.java:302)
	at org.springframework.beans.factory.support.AbstractBeanFactory.getBean(AbstractBeanFactory.java:197)
	at org.springframework.beans.factory.support.DefaultListableBeanFactory.preInstantiateSingletons(DefaultListableBeanFactory.java:754)
	at org.springframework.context.support.AbstractApplicationContext.finishBeanFactoryInitialization(AbstractApplicationContext.java:866)
	at org.springframework.context.support.AbstractApplicationContext.refresh(AbstractApplicationContext.java:542)
	at org.springframework.context.support.ClassPathXmlApplicationContext.&lt;init&gt;(ClassPathXmlApplicationContext.java:139)
	at org.springframework.context.support.ClassPathXmlApplicationContext.&lt;init&gt;(ClassPathXmlApplicationContext.java:83)
	at com.sg.classroster.services.ClassRosterServiceLayerImplTest.testGetStudent(ClassRosterServiceLayerImplTest.java:80)
Caused by: org.springframework.beans.BeanInstantiationException: Failed to instantiate [com.sg.classroster.service.ClassRosterServiceLayerImpl]: No default constructor found; nested exception is java.lang.NoSuchMethodException: com.sg.classroster.service.ClassRosterServiceLayerImpl.&lt;init&gt;()
	at org.springframework.beans.factory.support.SimpleInstantiationStrategy.instantiate(SimpleInstantiationStrategy.java:85)
	at org.springframework.beans.factory.support.AbstractAutowireCapableBeanFactory.instantiateBean(AbstractAutowireCapableBeanFactory.java:1102)
	... 31 more
Caused by: java.lang.NoSuchMethodException: com.sg.classroster.service.ClassRosterServiceLayerImpl.&lt;init&gt;()
	at java.base/java.lang.Class.getConstructor0(Class.java:3427)
	at java.base/java.lang.Class.getDeclaredConstructor(Class.java:2631)
	at org.springframework.beans.factory.support.SimpleInstantiationStrategy.instantiate(SimpleInstantiationStrategy.java:80)
	... 32 more
</failure>
    <system-err>Oct 27, 2020 2:32:11 PM org.springframework.context.support.ClassPathXmlApplicationContext prepareRefresh
INFO: Refreshing org.springframework.context.support.ClassPathXmlApplicationContext@8dbdac1: startup date [Tue Oct 27 14:32:11 EDT 2020]; root of context hierarchy
Oct 27, 2020 2:32:11 PM org.springframework.beans.factory.xml.XmlBeanDefinitionReader loadBeanDefinitions
INFO: Loading XML bean definitions from class path resource [applicationContext.xml]
Oct 27, 2020 2:32:11 PM org.springframework.context.support.ClassPathXmlApplicationContext refresh
WARNING: Exception encountered during context initialization - cancelling refresh attempt: org.springframework.beans.factory.BeanCreationException: Error creating bean with name &apos;serviceLayer&apos; defined in class path resource [applicationContext.xml]: Instantiation of bean failed; nested exception is org.springframework.beans.BeanInstantiationException: Failed to instantiate [com.sg.classroster.service.ClassRosterServiceLayerImpl]: No default constructor found; nested exception is java.lang.NoSuchMethodException: com.sg.classroster.service.ClassRosterServiceLayerImpl.&lt;init&gt;()
</system-err>
  </testcase>
  <testcase classname="com.sg.classroster.services.ClassRosterServiceLayerImplTest" name="com.sg.classroster.services.ClassRosterServiceLayerImplTest.testRemoveStudent" time="0.02">
    <failure message="Error creating bean with name &apos;serviceLayer&apos; defined in class path resource [applicationContext.xml]: Instantiation of bean failed; nested exception is org.springframework.beans.BeanInstantiationException: Failed to instantiate [com.sg.classroster.service.ClassRosterServiceLayerImpl]: No default constructor found; nested exception is java.lang.NoSuchMethodException: com.sg.classroster.service.ClassRosterServiceLayerImpl.&lt;init&gt;()" type="org.springframework.beans.factory.BeanCreationException">org.springframework.beans.factory.BeanCreationException: Error creating bean with name &apos;serviceLayer&apos; defined in class path resource [applicationContext.xml]: Instantiation of bean failed; nested exception is org.springframework.beans.BeanInstantiationException: Failed to instantiate [com.sg.classroster.service.ClassRosterServiceLayerImpl]: No default constructor found; nested exception is java.lang.NoSuchMethodException: com.sg.classroster.service.ClassRosterServiceLayerImpl.&lt;init&gt;()
	at org.springframework.beans.factory.support.AbstractAutowireCapableBeanFactory.instantiateBean(AbstractAutowireCapableBeanFactory.java:1110)
	at org.springframework.beans.factory.support.AbstractAutowireCapableBeanFactory.createBeanInstance(AbstractAutowireCapableBeanFactory.java:1054)
	at org.springframework.beans.factory.support.AbstractAutowireCapableBeanFactory.doCreateBean(AbstractAutowireCapableBeanFactory.java:512)
	at org.springframework.beans.factory.support.AbstractAutowireCapableBeanFactory.createBean(AbstractAutowireCapableBeanFactory.java:482)
	at org.springframework.beans.factory.support.AbstractBeanFactory$1.getObject(AbstractBeanFactory.java:306)
	at org.springframework.beans.factory.support.DefaultSingletonBeanRegistry.getSingleton(DefaultSingletonBeanRegistry.java:230)
	at org.springframework.beans.factory.support.AbstractBeanFactory.doGetBean(AbstractBeanFactory.java:302)
	at org.springframework.beans.factory.support.AbstractBeanFactory.getBean(AbstractBeanFactory.java:197)
	at org.springframework.beans.factory.support.DefaultListableBeanFactory.preInstantiateSingletons(DefaultListableBeanFactory.java:754)
	at org.springframework.context.support.AbstractApplicationContext.finishBeanFactoryInitialization(AbstractApplicationContext.java:866)
	at org.springframework.context.support.AbstractApplicationContext.refresh(AbstractApplicationContext.java:542)
	at org.springframework.context.support.ClassPathXmlApplicationContext.&lt;init&gt;(ClassPathXmlApplicationContext.java:139)
	at org.springframework.context.support.ClassPathXmlApplicationContext.&lt;init&gt;(ClassPathXmlApplicationContext.java:83)
	at com.sg.classroster.services.ClassRosterServiceLayerImplTest.testRemoveStudent(ClassRosterServiceLayerImplTest.java:101)
Caused by: org.springframework.beans.BeanInstantiationException: Failed to instantiate [com.sg.classroster.service.ClassRosterServiceLayerImpl]: No default constructor found; nested exception is java.lang.NoSuchMethodException: com.sg.classroster.service.ClassRosterServiceLayerImpl.&lt;init&gt;()
	at org.springframework.beans.factory.support.SimpleInstantiationStrategy.instantiate(SimpleInstantiationStrategy.java:85)
	at org.springframework.beans.factory.support.AbstractAutowireCapableBeanFactory.instantiateBean(AbstractAutowireCapableBeanFactory.java:1102)
	... 31 more
Caused by: java.lang.NoSuchMethodException: com.sg.classroster.service.ClassRosterServiceLayerImpl.&lt;init&gt;()
	at java.base/java.lang.Class.getConstructor0(Class.java:3427)
	at java.base/java.lang.Class.getDeclaredConstructor(Class.java:2631)
	at org.springframework.beans.factory.support.SimpleInstantiationStrategy.instantiate(SimpleInstantiationStrategy.java:80)
	... 32 more
</failure>
    <system-err>Oct 27, 2020 2:32:11 PM org.springframework.context.support.ClassPathXmlApplicationContext prepareRefresh
INFO: Refreshing org.springframework.context.support.ClassPathXmlApplicationContext@6b927fb: startup date [Tue Oct 27 14:32:11 EDT 2020]; root of context hierarchy
Oct 27, 2020 2:32:11 PM org.springframework.beans.factory.xml.XmlBeanDefinitionReader loadBeanDefinitions
INFO: Loading XML bean definitions from class path resource [applicationContext.xml]
Oct 27, 2020 2:32:11 PM org.springframework.context.support.ClassPathXmlApplicationContext refresh
WARNING: Exception encountered during context initialization - cancelling refresh attempt: org.springframework.beans.factory.BeanCreationException: Error creating bean with name &apos;serviceLayer&apos; defined in class path resource [applicationContext.xml]: Instantiation of bean failed; nested exception is org.springframework.beans.BeanInstantiationException: Failed to instantiate [com.sg.classroster.service.ClassRosterServiceLayerImpl]: No default constructor found; nested exception is java.lang.NoSuchMethodException: com.sg.classroster.service.ClassRosterServiceLayerImpl.&lt;init&gt;()
</system-err>
  </testcase>
</testsuite>