-------------------------------------------------------------------------------
Test set: com.tsg.unittesting.StringE
-------------------------------------------------------------------------------
Tests run: 4, Failures: 1, Errors: 0, Skipped: 0, Time elapsed: 0.025 sec <<< FAILURE! - in com.tsg.unittesting.StringE
Test3  Time elapsed: 0.014 sec  <<< FAILURE!
org.opentest4j.AssertionFailedError: true ==> expected: <true> but was: <false>
	at com.tsg.unittesting.StringE.Test3(StringE.java:42)

